{
  "stats": {
    "suites": 1,
    "tests": 1,
    "passes": 1,
    "pending": 0,
    "failures": 0,
    "start": "2025-01-06T17:11:17.038Z",
    "end": "2025-01-06T17:11:23.696Z",
    "duration": 6658,
    "testsRegistered": 1,
    "passPercent": 100,
    "pendingPercent": 0,
    "other": 0,
    "hasOther": false,
    "skipped": 0,
    "hasSkipped": false
  },
  "results": [
    {
      "uuid": "9722fc14-a9c7-4e90-a111-ec038a3e2f49",
      "title": "",
      "fullFile": "cypress\\e2e\\login-incorreto.cy.js",
      "file": "cypress\\e2e\\login-incorreto.cy.js",
      "beforeHooks": [],
      "afterHooks": [],
      "tests": [],
      "suites": [
        {
          "uuid": "7bab8942-0d13-40d3-82e3-f81dad3a049f",
          "title": "Página de Login",
          "fullFile": "",
          "file": "",
          "beforeHooks": [],
          "afterHooks": [],
          "tests": [
            {
              "title": "Deve preencher os campos do login incorretamente e validar as mensagens de erro da página",
              "fullTitle": "Página de Login Deve preencher os campos do login incorretamente e validar as mensagens de erro da página",
              "timedOut": null,
              "duration": 3356,
              "state": "passed",
              "speed": "fast",
              "pass": true,
              "fail": false,
              "pending": false,
              "context": null,
              "code": "cy.login_incorreto('email.com', 'senhaErrada');",
              "err": {},
              "uuid": "aa2bdb7f-8a64-4df1-9f01-7680fff6c82a",
              "parentUUID": "7bab8942-0d13-40d3-82e3-f81dad3a049f",
              "isHook": false,
              "skipped": false
            }
          ],
          "suites": [],
          "passes": [
            "aa2bdb7f-8a64-4df1-9f01-7680fff6c82a"
          ],
          "failures": [],
          "pending": [],
          "skipped": [],
          "duration": 3356,
          "root": false,
          "rootEmpty": false,
          "_timeout": 2000
        }
      ],
      "passes": [],
      "failures": [],
      "pending": [],
      "skipped": [],
      "duration": 0,
      "root": true,
      "rootEmpty": true,
      "_timeout": 2000
    }
  ],
  "meta": {
    "mocha": {
      "version": "7.0.1"
    },
    "mochawesome": {
      "options": {
        "quiet": false,
        "reportFilename": "mochawesome",
        "saveHtml": true,
        "saveJson": true,
        "consoleReporter": "spec",
        "useInlineDiffs": false,
        "code": true
      },
      "version": "7.1.3"
    },
    "marge": {
      "options": {
        "reportDir": "cypress/results",
        "overwrite": false,
        "html": true,
        "json": true,
        "timestamp": "mmddyyyyy_HHMMss"
      },
      "version": "6.2.0"
    }
  }
}